> Task :app:checkKotlinGradlePluginConfigurationErrors SKIPPED
> Task :app:preBuild UP-TO-DATE
> Task :app:preDebugBuild UP-TO-DATE
> Task :app:checkDebugAarMetadata UP-TO-DATE
> Task :app:generateDebugResValues UP-TO-DATE
> Task :app:mapDebugSourceSetPaths UP-TO-DATE
> Task :app:generateDebugResources UP-TO-DATE
> Task :app:mergeDebugResources UP-TO-DATE
> Task :app:packageDebugResources UP-TO-DATE
> Task :app:parseDebugLocalResources UP-TO-DATE
> Task :app:createDebugCompatibleScreenManifests UP-TO-DATE
> Task :app:extractDeepLinksDebug UP-TO-DATE
> Task :app:processDebugMainManifest UP-TO-DATE
> Task :app:processDebugManifest UP-TO-DATE
> Task :app:processDebugManifestForPackage UP-TO-DATE
> Task :app:processDebugResources UP-TO-DATE

> Task :app:compileDebugKotlin FAILED
e: file:///C:/Users/asada/AndroidStudioProjects/MiniShopFronted/app/src/main/java/com/example/mini_shop_fronted/SignUpScreen.kt:1:1 Syntax error: Expecting a top level declaration.
e: file:///C:/Users/asada/AndroidStudioProjects/MiniShopFronted/app/src/main/java/com/example/mini_shop_fronted/SignUpScreen.kt:1:3 Syntax error: Expecting a top level declaration.
e: file:///C:/Users/asada/AndroidStudioProjects/MiniShopFronted/app/src/main/java/com/example/mini_shop_fronted/SignUpScreen.kt:1:3 Function declaration must have a name.
e: file:///C:/Users/asada/AndroidStudioProjects/MiniShopFronted/app/src/main/java/com/example/mini_shop_fronted/SignUpScreen.kt:2:25 Unresolved reference 'remember'.
e: file:///C:/Users/asada/AndroidStudioProjects/MiniShopFronted/app/src/main/java/com/example/mini_shop_fronted/SignUpScreen.kt:2:34 Unresolved reference 'mutableStateOf'.
e: file:///C:/Users/asada/AndroidStudioProjects/MiniShopFronted/app/src/main/java/com/example/mini_shop_fronted/SignUpScreen.kt:2:36 Unresolved reference 'mutableStateOf'.
e: file:///C:/Users/asada/AndroidStudioProjects/MiniShopFronted/app/src/main/java/com/example/mini_shop_fronted/SignUpScreen.kt:3:25 Unresolved reference 'remember'.
e: file:///C:/Users/asada/AndroidStudioProjects/MiniShopFronted/app/src/main/java/com/example/mini_shop_fronted/SignUpScreen.kt:3:34 Unresolved reference 'mutableStateOf'.
e: file:///C:/Users/asada/AndroidStudioProjects/MiniShopFronted/app/src/main/java/com/example/mini_shop_fronted/SignUpScreen.kt:3:36 Unresolved reference 'mutableStateOf'.
e: file:///C:/Users/asada/AndroidStudioProjects/MiniShopFronted/app/src/main/java/com/example/mini_shop_fronted/SignUpScreen.kt:4:28 Unresolved reference 'viewModel'.
e: file:///C:/Users/asada/AndroidStudioProjects/MiniShopFronted/app/src/main/java/com/example/mini_shop_fronted/SignUpScreen.kt:6:9 Unresolved reference 'LaunchedEffect'.
e: file:///C:/Users/asada/AndroidStudioProjects/MiniShopFronted/app/src/main/java/com/example/mini_shop_fronted/SignUpScreen.kt:7:36 Unresolved reference 'LoginState'.
e: file:///C:/Users/asada/AndroidStudioProjects/MiniShopFronted/app/src/main/java/com/example/mini_shop_fronted/SignUpScreen.kt:8:25 Unresolved reference 'onNavigateToHome'.
e: file:///C:/Users/asada/AndroidStudioProjects/MiniShopFronted/app/src/main/java/com/example/mini_shop_fronted/SignUpScreen.kt:9:25 Unresolved reference 'viewModel'.
e: file:///C:/Users/asada/AndroidStudioProjects/MiniShopFronted/app/src/main/java/com/example/mini_shop_fronted/SignUpScreen.kt:13:9 Unresolved reference 'SignUpContent'.
e: file:///C:/Users/asada/AndroidStudioProjects/MiniShopFronted/app/src/main/java/com/example/mini_shop_fronted/SignUpScreen.kt:15:49 Unresolved reference 'it'.
e: file:///C:/Users/asada/AndroidStudioProjects/MiniShopFronted/app/src/main/java/com/example/mini_shop_fronted/SignUpScreen.kt:17:49 Unresolved reference 'it'.
e: file:///C:/Users/asada/AndroidStudioProjects/MiniShopFronted/app/src/main/java/com/example/mini_shop_fronted/SignUpScreen.kt:18:28 Unresolved reference 'signup'.
e: file:///C:/Users/asada/AndroidStudioProjects/MiniShopFronted/app/src/main/java/com/example/mini_shop_fronted/SignUpScreen.kt:18:30 Unresolved reference 'viewModel'.
e: file:///C:/Users/asada/AndroidStudioProjects/MiniShopFronted/app/src/main/java/com/example/mini_shop_fronted/SignUpScreen.kt:19:37 Unresolved reference 'onNavigateToLogin'.

FAILURE: Build failed with an exception.

* What went wrong:
Execution failed for task ':app:compileDebugKotlin'.
> A failure occurred while executing org.jetbrains.kotlin.compilerRunner.GradleCompilerRunnerWithWorkers$GradleKotlinCompilerWorkAction
   > Compilation error. See log for more details

* Try:
> Run with --stacktrace option to get the stack trace.
> Run with --info or --debug option to get more log output.
> Run with --scan to get full insights.
> Get more help at https://help.gradle.org.

BUILD FAILED in 2s
14 actionable tasks: 1 executed, 13 up-to-date
